# JRE version: Java(TM) SE Runtime Environment (8.0_92-b14) (build 1.8.0_92-b14)
# Java VM: Java HotSpot(TM) 64-Bit Server VM (25.92-b14 mixed mode windows-amd64 compressed oops)
Heap:
 PSYoungGen      total 320000K, used 308159K [0x00000000eab00000, 0x0000000100000000, 0x0000000100000000)
  eden space 297472K, 98% used [0x00000000eab00000,0x00000000fc8c4390,0x00000000fcd80000)
  from space 22528K, 68% used [0x00000000fcd80000,0x00000000fdcabc40,0x00000000fe380000)
  to   space 23552K, 0% used [0x00000000fe900000,0x00000000fe900000,0x0000000100000000)
 ParOldGen       total 110592K, used 34213K [0x00000000c0000000, 0x00000000c6c00000, 0x00000000eab00000)
  object space 110592K, 30% used [0x00000000c0000000,0x00000000c2169560,0x00000000c6c00000)
 Metaspace       used 65116K, capacity 67844K, committed 69504K, reserved 1110016K
  class space    used 8293K, capacity 8737K, committed 9088K, reserved 1048576K
GC Heap History (10 events):
Event: 7333.721 GC heap before
{Heap before GC invocations=46 (full 10):
 PSYoungGen      total 323584K, used 4000K [0x00000000eab00000, 0x0000000100000000, 0x0000000100000000)
  eden space 297472K, 0% used [0x00000000eab00000,0x00000000eab00000,0x00000000fcd80000)
  from space 26112K, 15% used [0x00000000fe680000,0x00000000fea68020,0x0000000100000000)
  to   space 25600K, 0% used [0x00000000fcd80000,0x00000000fcd80000,0x00000000fe680000)
 ParOldGen       total 110592K, used 44445K [0x00000000c0000000, 0x00000000c6c00000, 0x00000000eab00000)
  object space 110592K, 40% used [0x00000000c0000000,0x00000000c2b674b8,0x00000000c6c00000)
 Metaspace       used 64395K, capacity 66522K, committed 68736K, reserved 1110016K
  class space    used 8191K, capacity 8606K, committed 9088K, reserved 1048576K
Event: 7333.930 GC heap after
Heap after GC invocations=46 (full 10):
 PSYoungGen      total 323584K, used 0K [0x00000000eab00000, 0x0000000100000000, 0x0000000100000000)
  eden space 297472K, 0% used [0x00000000eab00000,0x00000000eab00000,0x00000000fcd80000)
  from space 26112K, 0% used [0x00000000fe680000,0x00000000fe680000,0x0000000100000000)
  to   space 25600K, 0% used [0x00000000fcd80000,0x00000000fcd80000,0x00000000fe680000)
 ParOldGen       total 110592K, used 39779K [0x00000000c0000000, 0x00000000c6c00000, 0x00000000eab00000)
  object space 110592K, 35% used [0x00000000c0000000,0x00000000c26d8f50,0x00000000c6c00000)
 Metaspace       used 63830K, capacity 65522K, committed 68736K, reserved 1110016K
  class space    used 8055K, capacity 8336K, committed 9088K, reserved 1048576K
}
Event: 7357.600 GC heap before
{Heap before GC invocations=47 (full 10):
 PSYoungGen      total 323584K, used 297472K [0x00000000eab00000, 0x0000000100000000, 0x0000000100000000)
  eden space 297472K, 100% used [0x00000000eab00000,0x00000000fcd80000,0x00000000fcd80000)
  from space 26112K, 0% used [0x00000000fe680000,0x00000000fe680000,0x0000000100000000)
  to   space 25600K, 0% used [0x00000000fcd80000,0x00000000fcd80000,0x00000000fe680000)
 ParOldGen       total 110592K, used 39779K [0x00000000c0000000, 0x00000000c6c00000, 0x00000000eab00000)
  object space 110592K, 35% used [0x00000000c0000000,0x00000000c26d8f50,0x00000000c6c00000)
 Metaspace       used 64480K, capacity 66704K, committed 68992K, reserved 1110016K
  class space    used 8188K, capacity 8540K, committed 9088K, reserved 1048576K
Event: 7357.701 GC heap after
Heap after GC invocations=47 (full 10):
 PSYoungGen      total 307200K, used 9301K [0x00000000eab00000, 0x00000000ffc80000, 0x0000000100000000)
  eden space 297472K, 0% used [0x00000000eab00000,0x00000000eab00000,0x00000000fcd80000)
  from space 9728K, 95% used [0x00000000fcd80000,0x00000000fd695440,0x00000000fd700000)
  to   space 24064K, 0% used [0x00000000fe500000,0x00000000fe500000,0x00000000ffc80000)
 ParOldGen       total 110592K, used 39787K [0x00000000c0000000, 0x00000000c6c00000, 0x00000000eab00000)
  object space 110592K, 35% used [0x00000000c0000000,0x00000000c26daf50,0x00000000c6c00000)
 Metaspace       used 64480K, capacity 66704K, committed 68992K, reserved 1110016K
  class space    used 8188K, capacity 8540K, committed 9088K, reserved 1048576K
}
Event: 8822.037 GC heap before
{Heap before GC invocations=48 (full 10):
 PSYoungGen      total 307200K, used 306190K [0x00000000eab00000, 0x00000000ffc80000, 0x0000000100000000)
  eden space 297472K, 99% used [0x00000000eab00000,0x00000000fccee6f8,0x00000000fcd80000)
  from space 9728K, 95% used [0x00000000fcd80000,0x00000000fd695440,0x00000000fd700000)
  to   space 24064K, 0% used [0x00000000fe500000,0x00000000fe500000,0x00000000ffc80000)
 ParOldGen       total 110592K, used 39787K [0x00000000c0000000, 0x00000000c6c00000, 0x00000000eab00000)
  object space 110592K, 35% used [0x00000000c0000000,0x00000000c26daf50,0x00000000c6c00000)
 Metaspace       used 64783K, capacity 67208K, committed 68992K, reserved 1110016K
  class space    used 8246K, capacity 8679K, committed 9088K, reserved 1048576K
Event: 8822.049 GC heap after
Heap after GC invocations=48 (full 10):
 PSYoungGen      total 318464K, used 10053K [0x00000000eab00000, 0x00000000ff980000, 0x0000000100000000)
  eden space 297472K, 0% used [0x00000000eab00000,0x00000000eab00000,0x00000000fcd80000)
  from space 20992K, 47% used [0x00000000fe500000,0x00000000feed1450,0x00000000ff980000)
  to   space 22528K, 0% used [0x00000000fcd80000,0x00000000fcd80000,0x00000000fe380000)
 ParOldGen       total 110592K, used 39795K [0x00000000c0000000, 0x00000000c6c00000, 0x00000000eab00000)
  object space 110592K, 35% used [0x00000000c0000000,0x00000000c26dcf50,0x00000000c6c00000)
 Metaspace       used 64783K, capacity 67208K, committed 68992K, reserved 1110016K
  class space    used 8246K, capacity 8679K, committed 9088K, reserved 1048576K
}
Event: 8822.049 GC heap before
{Heap before GC invocations=49 (full 11):
 PSYoungGen      total 318464K, used 10053K [0x00000000eab00000, 0x00000000ff980000, 0x0000000100000000)
  eden space 297472K, 0% used [0x00000000eab00000,0x00000000eab00000,0x00000000fcd80000)
  from space 20992K, 47% used [0x00000000fe500000,0x00000000feed1450,0x00000000ff980000)
  to   space 22528K, 0% used [0x00000000fcd80000,0x00000000fcd80000,0x00000000fe380000)
 ParOldGen       total 110592K, used 39795K [0x00000000c0000000, 0x00000000c6c00000, 0x00000000eab00000)
  object space 110592K, 35% used [0x00000000c0000000,0x00000000c26dcf50,0x00000000c6c00000)
 Metaspace       used 64783K, capacity 67208K, committed 68992K, reserved 1110016K
  class space    used 8246K, capacity 8679K, committed 9088K, reserved 1048576K
Event: 8822.313 GC heap after
Heap after GC invocations=49 (full 11):
 PSYoungGen      total 318464K, used 0K [0x00000000eab00000, 0x00000000ff980000, 0x0000000100000000)
  eden space 297472K, 0% used [0x00000000eab00000,0x00000000eab00000,0x00000000fcd80000)
  from space 20992K, 0% used [0x00000000fe500000,0x00000000fe500000,0x00000000ff980000)
  to   space 22528K, 0% used [0x00000000fcd80000,0x00000000fcd80000,0x00000000fe380000)
 ParOldGen       total 110592K, used 34213K [0x00000000c0000000, 0x00000000c6c00000, 0x00000000eab00000)
  object space 110592K, 30% used [0x00000000c0000000,0x00000000c2169560,0x00000000c6c00000)
 Metaspace       used 63975K, capacity 65554K, committed 68992K, reserved 1110016K
  class space    used 8050K, capacity 8300K, committed 9088K, reserved 1048576K
}
Event: 8827.982 GC heap before
{Heap before GC invocations=50 (full 11):
 PSYoungGen      total 318464K, used 297472K [0x00000000eab00000, 0x00000000ff980000, 0x0000000100000000)
  eden space 297472K, 100% used [0x00000000eab00000,0x00000000fcd80000,0x00000000fcd80000)
  from space 20992K, 0% used [0x00000000fe500000,0x00000000fe500000,0x00000000ff980000)
  to   space 22528K, 0% used [0x00000000fcd80000,0x00000000fcd80000,0x00000000fe380000)
 ParOldGen       total 110592K, used 34213K [0x00000000c0000000, 0x00000000c6c00000, 0x00000000eab00000)
  object space 110592K, 30% used [0x00000000c0000000,0x00000000c2169560,0x00000000c6c00000)
 Metaspace       used 64472K, capacity 66494K, committed 69248K, reserved 1110016K
  class space    used 8167K, capacity 8532K, committed 9088K, reserved 1048576K
Event: 8828.053 GC heap after
Heap after GC invocations=50 (full 11):
 PSYoungGen      total 320000K, used 15535K [0x00000000eab00000, 0x0000000100000000, 0x0000000100000000)
  eden space 297472K, 0% used [0x00000000eab00000,0x00000000eab00000,0x00000000fcd80000)
  from space 22528K, 68% used [0x00000000fcd80000,0x00000000fdcabc40,0x00000000fe380000)
  to   space 23552K, 0% used [0x00000000fe900000,0x00000000fe900000,0x0000000100000000)
 ParOldGen       total 110592K, used 34213K [0x00000000c0000000, 0x00000000c6c00000, 0x00000000eab00000)
  object space 110592K, 30% used [0x00000000c0000000,0x00000000c2169560,0x00000000c6c00000)
 Metaspace       used 64472K, capacity 66494K, committed 69248K, reserved 1110016K
  class space    used 8167K, capacity 8532K, committed 9088K, reserved 1048576K
}

